
     Value of States and Choice Probabilities
     ------------------------------------------------------------------------------
    Indx   T   A   e   A   t     r     f       EV      |Choice Probabilities:                                                      
      69   3   0   4   6   1     0     0      -0.049983 1.000000 0.000000 0.000000 0.000000 0.000000 0.000000 0.000000
      68   3   0   3   6   1     0     0      -0.055053 1.000000 0.000000 0.000000 0.000000 0.000000 0.000000 0.000000
      67   3   0   2   6   1     0     0      -0.058824 1.000000 0.000000 0.000000 0.000000 0.000000 0.000000 0.000000
      66   3   0   1   6   1     0     0      -0.061485 1.000000 0.000000 0.000000 0.000000 0.000000 0.000000 0.000000
      65   3   0   0   6   1     0     0      -0.063296 1.000000 0.000000 0.000000 0.000000 0.000000 0.000000 0.000000
      64   3   0   4   5   1     0     0      -0.057449 1.000000 0.000000 0.000000 0.000000 0.000000 0.000000 0.000000
      63   3   0   3   5   1     0     0      -0.064249 1.000000 0.000000 0.000000 0.000000 0.000000 0.000000 0.000000
      62   3   0   2   5   1     0     0      -0.069444 1.000000 0.000000 0.000000 0.000000 0.000000 0.000000 0.000000
      61   3   0   1   5   1     0     0      -0.073185 1.000000 0.000000 0.000000 0.000000 0.000000 0.000000 0.000000
      60   3   0   0   5   1     0     0      -0.075764 1.000000 0.000000 0.000000 0.000000 0.000000 0.000000 0.000000
      59   3   0   4   4   1     0     0      -0.067536 1.000000 0.000000 0.000000 0.000000 0.000000 0.000000 0.000000
      58   3   0   3   4   1     0     0      -0.077134 1.000000 0.000000 0.000000 0.000000 0.000000 0.000000 0.000000
      57   3   0   2   4   1     0     0       5.000000 0.000000 0.000000 0.000000 0.000000 0.000000 0.000000 1.000000
      56   3   0   1   4   1     0     0       1.068426 0.000000 0.000000 0.000000 0.000000 0.000000 0.000000 1.000000
      55   3   1   0   4   1     0     0      -0.094349 1.000000 0.000000 0.000000 0.000000 0.000000 0.000000 0.000000
      54   3   0   4   3   1     0     0      -0.081921 1.000000 0.000000 0.000000 0.000000 0.000000 0.000000 0.000000
      53   3   0   3   3   1     0     0       0.611414 0.000000 0.000000 0.000000 0.000000 0.000000 0.000000 1.000000
      52   3   0   2   3   1     0     0       1.250000 0.000000 0.000000 0.000000 0.000000 0.000000 1.000000 0.000000
      51   3   0   1   3   1     0     0       0.651060 0.000000 0.000000 0.000000 0.000000 0.000000 1.000000 0.000000
      50   3   2   0   3   1     0     0     911.568674 0.000000 0.000000 0.000000 0.000000 1.000000 0.000000 0.000000
      49   3   0   4   2   1     0     0       2.543660 0.000000 0.000000 0.000000 0.000000 0.000000 1.000000 0.000000
      48   3   0   3   2   1     0     0       4.245348 0.000000 0.000000 0.000000 0.000000 1.000000 0.000000 0.000000
      47   3   0   2   2   1     0     0       0.714286 0.000000 0.000000 0.000000 0.000000 1.000000 0.000000 0.000000
      46   3   1   1   2   1     0     0       7.355294 0.000000 0.000000 0.000000 1.000000 0.000000 0.000000 0.000000
      45   3   3   0   2   1     0     0       1.663625 0.000000 0.000000 0.000000 1.000000 0.000000 0.000000 0.000000
      44   3   0   4   1   1     0     0       1.006913 0.000000 0.000000 0.000000 0.000000 1.000000 0.000000 0.000000
      43   3   0   3   1   1     0     0       1.196814 0.000000 0.000000 0.000000 1.000000 0.000000 0.000000 0.000000
      42   3   0   2   1   1     0     0       0.500000 0.000000 0.000000 0.000000 1.000000 0.000000 0.000000 0.000000
      41   3   3   1   1   1     0     0       1.358776 0.000000 0.000000 1.000000 0.000000 0.000000 0.000000 0.000000
      40   3   4   0   1   1     0     0       0.832572 0.000000 0.000000 1.000000 0.000000 0.000000 0.000000 0.000000
      39   3   0   4   0   1     0     0       0.627693 0.000000 0.000000 0.000000 1.000000 0.000000 0.000000 0.000000
      38   3   0   3   0   1     0     0       0.696596 0.000000 0.000000 1.000000 0.000000 0.000000 0.000000 0.000000
      37   3   0   2   0   1     0     0       1.666667 0.000000 1.000000 0.000000 0.000000 0.000000 0.000000 0.000000
      36   3   4   1   0   1     0     0       0.748527 0.000000 1.000000 0.000000 0.000000 0.000000 0.000000 0.000000
      35   3   5   0   0   1     0     0      -5.027577 1.000000 0.000000 0.000000 0.000000 0.000000 0.000000 0.000000
      34   1   0   4   6   0     0     0     211.859383 0.000000 0.000000 0.000000 1.000000 0.000000 0.000000 0.000000
      33   1   0   3   6   0     0     0     637.779891 0.000000 0.000000 0.000000 1.000000 0.000000 0.000000 0.000000
      32   1   0   2   6   0     0     0     109.370909 0.000000 0.000000 0.000000 1.000000 0.000000 0.000000 0.000000
      31   1   0   1   6   0     0     0       0.907009 0.000000 0.000000 1.000000 0.000000 0.000000 0.000000 0.000000
      30   1   0   0   6   0     0     0       1.906099 0.000000 0.000000 1.000000 0.000000 0.000000 0.000000 0.000000
      29   1   0   4   5   0     0     0     211.843110 0.000000 0.000000 0.000000 1.000000 0.000000 0.000000 0.000000
      28   1   0   3   5   0     0     0     637.757544 0.000000 0.000000 0.000000 1.000000 0.000000 0.000000 0.000000
      27   1   0   2   5   0     0     0     109.342770 0.000000 0.000000 0.000000 1.000000 0.000000 0.000000 0.000000
      26   1   0   1   5   0     0     0       0.885071 0.000000 0.000000 1.000000 0.000000 0.000000 0.000000 0.000000
      25   1   0   0   5   0     0     0       1.882144 0.000000 0.000000 1.000000 0.000000 0.000000 0.000000 0.000000
      24   1   0   4   4   0     0     0     211.817229 0.000000 0.000000 0.000000 1.000000 0.000000 0.000000 0.000000
      23   1   0   3   4   0     0     0     637.718511 0.000000 0.000000 0.000000 1.000000 0.000000 0.000000 0.000000
      22   1   0   2   4   0     0     0     109.289404 0.000000 0.000000 0.000000 1.000000 0.000000 0.000000 0.000000
      21   1   0   1   4   0     0     0       1.010054 0.000000 0.000000 0.000000 0.000000 0.000000 0.000000 1.000000
      20   1   1   0   4   0     0     0       3.483229 0.000000 0.000000 1.000000 0.000000 0.000000 0.000000 0.000000
      19   1   0   4   3   0     0     0     211.769664 0.000000 0.000000 0.000000 1.000000 0.000000 0.000000 0.000000
      18   1   0   3   3   0     0     0     637.632974 0.000000 0.000000 0.000000 1.000000 0.000000 0.000000 0.000000
      17   1   0   2   3   0     0     0     109.149318 0.000000 0.000000 0.000000 1.000000 0.000000 0.000000 0.000000
      16   1   0   1   3   0     0     0       0.764536 0.000000 0.000000 1.000000 0.000000 0.000000 0.000000 0.000000
      15   1   2   0   3   0     0     0     911.568674 0.000000 0.000000 0.000000 0.000000 1.000000 0.000000 0.000000
      14   1   0   4   2   0     0     0     211.653527 0.000000 0.000000 0.000000 1.000000 0.000000 0.000000 0.000000
      13   1   0   3   2   0     0     0     637.295348 0.000000 0.000000 0.000000 1.000000 0.000000 0.000000 0.000000
      12   1   0   2   2   0     0     0     107.795151 0.000000 0.000000 0.000000 1.000000 0.000000 0.000000 0.000000
      11   1   1   1   2   0     0     0       8.440278 0.000000 0.000000 0.000000 1.000000 0.000000 0.000000 0.000000
      10   1   3   0   2   0     0     0       2.392736 0.000000 0.000000 0.000000 1.000000 0.000000 0.000000 0.000000
       9   1   0   4   1   0     0     0     210.937595 0.000000 0.000000 0.000000 1.000000 0.000000 0.000000 0.000000
       8   1   0   3   1   0     0     0     639.058911 0.000000 0.000000 0.000000 1.000000 0.000000 0.000000 0.000000
       7   1   0   2   1   0     0     0     109.961818 0.000000 0.000000 0.000000 1.000000 0.000000 0.000000 0.000000
       6   1   3   1   1   0     0     0       6.844776 0.000000 0.000000 1.000000 0.000000 0.000000 0.000000 0.000000
       5   1   4   0   1   0     0     0       7.090838 0.000000 0.000000 1.000000 0.000000 0.000000 0.000000 0.000000
       4   1   0   4   0   0     0     0     212.558470 0.000000 0.000000 0.000000 1.000000 0.000000 0.000000 0.000000
       3   1   0   3   0   0     0     0     638.153172 0.000000 0.000000 0.000000 1.000000 0.000000 0.000000 0.000000
       2   1   0   2   0   0     0     0     109.679209 0.000000 0.000000 0.000000 1.000000 0.000000 0.000000 0.000000
       1   1   4   1   0   0     0     0       4.141414 0.000000 0.000000 1.000000 0.000000 0.000000 0.000000 0.000000
       0   1   5   0   0   0     0     0      -8.454580 1.000000 0.000000 0.000000 0.000000 0.000000 0.000000 0.000000
     ------------------------------------------------------------------------------

