
     Value of States and Choice Probabilities
     ------------------------------------------------------------------------------
    Indx   T   A   e   A   t     r     f       EV      |Choice Probabilities:                                                      
      34   1   0   4   6   0     0     0     570.088566 0.000000 0.000000 0.000000 1.000000 0.000000 0.000000 0.000000
      33   1   0   3   6   0     0     0     587.775167 0.000000 0.000000 0.000000 1.000000 0.000000 0.000000 0.000000
      32   1   0   2   6   0     0     0     549.263137 0.000000 0.343597 0.000000 0.000001 0.000004 0.000000 0.656398
      31   1   0   1   6   0     0     0     548.367049 0.000210 0.000000 0.000000 0.000006 0.000000 0.999784 0.000000
      30   1   0   0   6   0     0     0     548.866183 0.000000 0.000000 0.000004 0.000000 0.999996 0.000000 0.000000
      29   1   0   4   5   0     0     0     570.072293 0.000000 0.000000 0.000000 1.000000 0.000000 0.000000 0.000000
      28   1   0   3   5   0     0     0     587.752820 0.000000 0.000000 0.000000 1.000000 0.000000 0.000000 0.000000
      27   1   0   2   5   0     0     0     549.120840 0.000000 0.390641 0.000000 0.000001 0.000004 0.000000 0.609353
      26   1   0   1   5   0     0     0     548.253791 0.000232 0.000000 0.000000 0.000006 0.000000 0.999761 0.000000
      25   1   0   0   5   0     0     0     548.802059 0.000000 0.000000 0.000005 0.000000 0.999995 0.000000 0.000000
      24   1   0   4   4   0     0     0     570.046412 0.000000 0.000000 0.000000 1.000000 0.000000 0.000000 0.000000
      23   1   0   3   4   0     0     0     587.713788 0.000000 0.000000 0.000000 1.000000 0.000000 0.000000 0.000000
      22   1   0   2   4   0     0     0     554.044933 0.000000 0.002780 0.000000 0.000000 0.000000 0.000000 0.997220
      21   1   0   1   4   0     0     0     547.587120 0.000445 0.000000 0.000000 0.000012 0.000000 0.999544 0.000000
      20   1   1   0   4   0     0     0     553.686547 0.000000 0.000000 1.000000 0.000000 0.000000 0.000000 0.000000
      19   1   0   4   3   0     0     0     569.998847 0.000000 0.000000 0.000000 1.000000 0.000000 0.000000 0.000000
      18   1   0   3   3   0     0     0     587.628250 0.000000 0.000000 0.000000 1.000000 0.000000 0.000000 0.000000
      17   1   0   2   3   0     0     0     549.645347 0.000000 0.218119 0.000000 0.000000 0.000001 0.000000 0.781880
      16   1   0   1   3   0     0     0     549.177625 0.000088 0.000000 0.000000 0.000002 0.000000 0.999910 0.000000
      15   1   2   0   3   0     0     0     639.198612 0.333333 0.333333 0.000000 0.000000 0.333333 0.000000 0.000000
      14   1   0   4   2   0     0     0     569.882710 0.000000 0.000000 0.000000 1.000000 0.000000 0.000000 0.000000
      13   1   0   3   2   0     0     0     587.290625 0.000000 0.000000 0.000000 1.000000 0.000000 0.000000 0.000000
      12   1   0   2   2   0     0     0     549.494537 0.000000 0.234474 0.000000 0.000000 0.000007 0.000000 0.765518
      11   1   1   1   2   0     0     0     559.597845 0.000000 0.000000 0.000000 1.000000 0.000000 0.000000 0.000000
      10   1   3   0   2   0     0     0     551.045909 0.000000 0.000000 0.000000 1.000000 0.000000 0.000000 0.000000
       9   1   0   4   1   0     0     0     569.166778 0.000000 0.000000 0.000000 1.000000 0.000000 0.000000 0.000000
       8   1   0   3   1   0     0     0     589.054188 0.000000 0.000000 0.000000 1.000000 0.000000 0.000000 0.000000
       7   1   0   2   1   0     0     0     549.386462 0.000000 0.196923 0.000000 0.000001 0.000005 0.000000 0.803071
       6   1   3   1   1   0     0     0     534.040790 0.963597 0.000016 0.036182 0.000205 0.000000 0.000000 0.000000
       5   1   4   0   1   0     0     0     549.003954 0.000000 0.999961 0.000039 0.000000 0.000000 0.000000 0.000000
       4   1   0   4   0   0     0     0     570.787653 0.000000 0.000000 0.000000 1.000000 0.000000 0.000000 0.000000
       3   1   0   3   0   0     0     0     588.148448 0.000000 0.000000 0.000000 1.000000 0.000000 0.000000 0.000000
       2   1   0   2   0   0     0     0     550.301870 0.000000 0.688194 0.000000 0.000000 0.000002 0.000000 0.311804
       1   1   4   1   0   0     0     0     549.829100 0.000000 0.000000 1.000000 0.000000 0.000000 0.000000 0.000000
       0   1   5   0   0   0     0     0     435.071592 1.000000 0.000000 0.000000 0.000000 0.000000 0.000000 0.000000
     ------------------------------------------------------------------------------

