
     Value of States and Choice Probabilities
     Fixed Group Index(f): 0. Random Group Index(r): 0
     ------------------------------------------------------------------------------
    Indx   T   A   m sch   t     r     f       EV      |Choice Probabilities:                           
    1197   3   1   7   7  14     0     0       2.000000 1.000000 0.000000 0.000000 0.000000
    1196   3   1   6   7  14     0     0       2.000000 1.000000 0.000000 0.000000 0.000000
    1195   3   1   5   7  14     0     0       2.000000 1.000000 0.000000 0.000000 0.000000
    1194   3   1   4   7  14     0     0       2.000000 1.000000 0.000000 0.000000 0.000000
    1193   3   1   3   7  14     0     0       2.000000 1.000000 0.000000 0.000000 0.000000
    1192   3   1   2   7  14     0     0       4.039395 0.665798 0.334202 0.000000 0.000000
    1191   3   1   1   7  14     0     0      18.748342 0.217411 0.782589 0.000000 0.000000
    1190   3   1   0   7  14     0     0       9.003913 0.402221 0.597779 0.000000 0.000000
    1188   3   1   8   6  14     0     0       2.000000 1.000000 0.000000 0.000000 0.000000
    1187   3   1   7   6  14     0     0       2.000000 1.000000 0.000000 0.000000 0.000000
    1186   3   1   6   6  14     0     0       2.000000 1.000000 0.000000 0.000000 0.000000
    1185   3   1   5   6  14     0     0       2.000000 1.000000 0.000000 0.000000 0.000000
    1184   3   1   4   6  14     0     0       2.000000 1.000000 0.000000 0.000000 0.000000
    1183   3   1   3   6  14     0     0       2.000000 1.000000 0.000000 0.000000 0.000000
    1182   3   1   2   6  14     0     0       4.039395 0.665798 0.334202 0.000000 0.000000
    1181   3   1   1   6  14     0     0      18.748342 0.217411 0.782589 0.000000 0.000000
    1180   3   1   0   6  14     0     0       9.003913 0.402221 0.597779 0.000000 0.000000
    1179   3   1   9   5  14     0     0       2.000000 1.000000 0.000000 0.000000 0.000000
    1178   3   1   8   5  14     0     0       2.000000 1.000000 0.000000 0.000000 0.000000
    1177   3   1   7   5  14     0     0       2.000000 1.000000 0.000000 0.000000 0.000000
    1176   3   1   6   5  14     0     0       2.000000 1.000000 0.000000 0.000000 0.000000
    1175   3   1   5   5  14     0     0       2.000000 1.000000 0.000000 0.000000 0.000000
    1174   3   1   4   5  14     0     0       2.000000 1.000000 0.000000 0.000000 0.000000
    1173   3   1   3   5  14     0     0       2.000000 1.000000 0.000000 0.000000 0.000000
    1172   3   1   2   5  14     0     0       4.039395 0.665798 0.334202 0.000000 0.000000
    1171   3   1   1   5  14     0     0      18.748342 0.217411 0.782589 0.000000 0.000000
    1170   3   1   0   5  14     0     0       9.003913 0.402221 0.597779 0.000000 0.000000
    1169   3   1   9   4  14     0     0       2.000000 1.000000 0.000000 0.000000 0.000000
    1168   3   1   8   4  14     0     0       2.000000 1.000000 0.000000 0.000000 0.000000
    1167   3   1   7   4  14     0     0       2.000000 1.000000 0.000000 0.000000 0.000000
    1166   3   1   6   4  14     0     0       2.000000 1.000000 0.000000 0.000000 0.000000
    1165   3   1   5   4  14     0     0       2.000000 1.000000 0.000000 0.000000 0.000000
    1164   3   1   4   4  14     0     0       2.000000 1.000000 0.000000 0.000000 0.000000
    1163   3   1   3   4  14     0     0       2.000000 1.000000 0.000000 0.000000 0.000000
    1162   3   1   2   4  14     0     0       4.039395 0.665798 0.334202 0.000000 0.000000
    1161   3   1   1   4  14     0     0      18.748342 0.217411 0.782589 0.000000 0.000000
    1160   3   1   0   4  14     0     0       9.003913 0.402221 0.597779 0.000000 0.000000
    1159   3   1   9   3  14     0     0       2.000000 1.000000 0.000000 0.000000 0.000000
    1158   3   1   8   3  14     0     0       2.000000 1.000000 0.000000 0.000000 0.000000
    1157   3   1   7   3  14     0     0       2.000000 1.000000 0.000000 0.000000 0.000000
    1156   3   1   6   3  14     0     0       2.000000 1.000000 0.000000 0.000000 0.000000
    1155   3   1   5   3  14     0     0       2.000000 1.000000 0.000000 0.000000 0.000000
    1154   3   1   4   3  14     0     0       2.000000 1.000000 0.000000 0.000000 0.000000
    1153   3   1   3   3  14     0     0       2.000000 1.000000 0.000000 0.000000 0.000000
    1152   3   1   2   3  14     0     0       4.039395 0.665798 0.334202 0.000000 0.000000
    1151   3   1   1   3  14     0     0      18.748342 0.217411 0.782589 0.000000 0.000000
    1150   3   1   0   3  14     0     0       9.003913 0.402221 0.597779 0.000000 0.000000
    1149   3   1   9   2  14     0     0       2.000000 1.000000 0.000000 0.000000 0.000000
    1148   3   1   8   2  14     0     0       2.000000 1.000000 0.000000 0.000000 0.000000
    1147   3   1   7   2  14     0     0       2.000000 1.000000 0.000000 0.000000 0.000000
    1146   3   1   6   2  14     0     0       2.000000 1.000000 0.000000 0.000000 0.000000
    1145   3   1   5   2  14     0     0       2.000000 1.000000 0.000000 0.000000 0.000000
    1144   3   1   4   2  14     0     0       2.000000 1.000000 0.000000 0.000000 0.000000
    1143   3   1   3   2  14     0     0       2.000000 1.000000 0.000000 0.000000 0.000000
    1142   3   1   2   2  14     0     0       4.039395 0.665798 0.334202 0.000000 0.000000
    1141   3   1   1   2  14     0     0      18.748342 0.217411 0.782589 0.000000 0.000000
    1140   3   1   0   2  14     0     0       9.003913 0.402221 0.597779 0.000000 0.000000
    1139   3   1   9   1  14     0     0       2.000000 1.000000 0.000000 0.000000 0.000000
    1138   3   1   8   1  14     0     0       2.000000 1.000000 0.000000 0.000000 0.000000
    1137   3   1   7   1  14     0     0       2.000000 1.000000 0.000000 0.000000 0.000000
    1136   3   1   6   1  14     0     0       2.000000 1.000000 0.000000 0.000000 0.000000
    1135   3   1   5   1  14     0     0       2.000000 1.000000 0.000000 0.000000 0.000000
    1134   3   1   4   1  14     0     0       2.000000 1.000000 0.000000 0.000000 0.000000
    1133   3   1   3   1  14     0     0       2.000000 1.000000 0.000000 0.000000 0.000000
    1132   3   1   2   1  14     0     0       4.039395 0.665798 0.334202 0.000000 0.000000
    1131   3   1   1   1  14     0     0      18.748342 0.217411 0.782589 0.000000 0.000000
    1130   3   1   0   1  14     0     0       9.003913 0.402221 0.597779 0.000000 0.000000
    1129   3   1   9   0  14     0     0       2.000000 1.000000 0.000000 0.000000 0.000000
    1128   3   1   8   0  14     0     0       2.000000 1.000000 0.000000 0.000000 0.000000
    1127   3   1   7   0  14     0     0       2.000000 1.000000 0.000000 0.000000 0.000000
    1126   3   1   6   0  14     0     0       2.000000 1.000000 0.000000 0.000000 0.000000
    1125   3   1   5   0  14     0     0       2.000000 1.000000 0.000000 0.000000 0.000000
    1124   3   1   4   0  14     0     0       2.000000 1.000000 0.000000 0.000000 0.000000
    1123   3   1   3   0  14     0     0       2.000000 1.000000 0.000000 0.000000 0.000000
    1122   3   1   2   0  14     0     0       4.039395 0.665798 0.334202 0.000000 0.000000
    1121   3   1   1   0  14     0     0      18.748342 0.217411 0.782589 0.000000 0.000000
    1120   3   1   0   0  14     0     0       9.003913 0.402221 0.597779 0.000000 0.000000
    1116   1   1   6   7  13     0     0       3.900000 1.000000 0.000000 0.000000 0.000000
    1115   1   1   5   7  13     0     0       3.900000 1.000000 0.000000 0.000000 0.000000
    1114   1   1   4   7  13     0     0       3.900000 1.000000 0.000000 0.000000 0.000000
    1113   1   1   3   7  13     0     0       3.900000 1.000000 0.000000 0.000000 0.000000
    1112   1   1   2   7  13     0     0       7.365728 0.798380 0.201620 0.000000 0.000000
    1111   1   1   1   7  13     0     0      29.620378 0.666667 0.333333 0.000000 0.000000
    1110   1   1   0   7  13     0     0      26.313838 0.000000 1.000000 0.000000 0.000000
    1107   1   1   7   6  13     0     0       3.900000 1.000000 0.000000 0.000000 0.000000
    1106   1   1   6   6  13     0     0       3.900000 1.000000 0.000000 0.000000 0.000000
    1105   1   1   5   6  13     0     0       3.900000 1.000000 0.000000 0.000000 0.000000
    1104   1   1   4   6  13     0     0       3.900000 1.000000 0.000000 0.000000 0.000000
    1103   1   1   3   6  13     0     0       3.900000 1.000000 0.000000 0.000000 0.000000
    1102   1   1   2   6  13     0     0       7.365728 0.798380 0.201620 0.000000 0.000000
    1101   1   1   1   6  13     0     0      29.620378 0.666667 0.333333 0.000000 0.000000
    1100   1   1   0   6  13     0     0      26.313838 0.000000 1.000000 0.000000 0.000000
    1098   1   1   8   5  13     0     0       3.900000 1.000000 0.000000 0.000000 0.000000
    1097   1   1   7   5  13     0     0       3.900000 1.000000 0.000000 0.000000 0.000000
    1096   1   1   6   5  13     0     0       3.900000 1.000000 0.000000 0.000000 0.000000
    1095   1   1   5   5  13     0     0       3.900000 1.000000 0.000000 0.000000 0.000000
    1094   1   1   4   5  13     0     0       3.900000 1.000000 0.000000 0.000000 0.000000
    1093   1   1   3   5  13     0     0       3.900000 1.000000 0.000000 0.000000 0.000000
    1092   1   1   2   5  13     0     0       7.365728 0.798380 0.201620 0.000000 0.000000
    1091   1   1   1   5  13     0     0      29.620378 0.666667 0.333333 0.000000 0.000000
    1090   1   1   0   5  13     0     0      26.313838 0.000000 1.000000 0.000000 0.000000
    1089   1   1   9   4  13     0     0       3.900000 1.000000 0.000000 0.000000 0.000000
    1088   1   1   8   4  13     0     0       3.900000 1.000000 0.000000 0.000000 0.000000
    1087   1   1   7   4  13     0     0       3.900000 1.000000 0.000000 0.000000 0.000000
    1086   1   1   6   4  13     0     0       3.900000 1.000000 0.000000 0.000000 0.000000
    1085   1   1   5   4  13     0     0       3.900000 1.000000 0.000000 0.000000 0.000000
    1084   1   1   4   4  13     0     0       3.900000 1.000000 0.000000 0.000000 0.000000
    1083   1   1   3   4  13     0     0       3.900000 1.000000 0.000000 0.000000 0.000000
    1082   1   1   2   4  13     0     0       7.365728 0.798380 0.201620 0.000000 0.000000
    1081   1   1   1   4  13     0     0      29.620378 0.666667 0.333333 0.000000 0.000000
    1080   1   1   0   4  13     0     0      26.313838 0.000000 1.000000 0.000000 0.000000
    1079   1   1   9   3  13     0     0       3.900000 1.000000 0.000000 0.000000 0.000000
    1078   1   1   8   3  13     0     0       3.900000 1.000000 0.000000 0.000000 0.000000
    1077   1   1   7   3  13     0     0       3.900000 1.000000 0.000000 0.000000 0.000000
    1076   1   1   6   3  13     0     0       3.900000 1.000000 0.000000 0.000000 0.000000
    1075   1   1   5   3  13     0     0       3.900000 1.000000 0.000000 0.000000 0.000000
    1074   1   1   4   3  13     0     0       3.900000 1.000000 0.000000 0.000000 0.000000
    1073   1   1   3   3  13     0     0       3.900000 1.000000 0.000000 0.000000 0.000000
    1072   1   1   2   3  13     0     0       7.365728 0.798380 0.201620 0.000000 0.000000
    1071   1   1   1   3  13     0     0      29.620378 0.666667 0.333333 0.000000 0.000000
    1070   1   1   0   3  13     0     0      26.313838 0.000000 1.000000 0.000000 0.000000
    1069   1   1   9   2  13     0     0       3.900000 1.000000 0.000000 0.000000 0.000000
    1068   1   1   8   2  13     0     0       3.900000 1.000000 0.000000 0.000000 0.000000
    1067   1   1   7   2  13     0     0       3.900000 1.000000 0.000000 0.000000 0.000000
    1066   1   1   6   2  13     0     0       3.900000 1.000000 0.000000 0.000000 0.000000
    1065   1   1   5   2  13     0     0       3.900000 1.000000 0.000000 0.000000 0.000000
    1064   1   1   4   2  13     0     0       3.900000 1.000000 0.000000 0.000000 0.000000
    1063   1   1   3   2  13     0     0       3.900000 1.000000 0.000000 0.000000 0.000000
    1062   1   1   2   2  13     0     0       7.365728 0.798380 0.201620 0.000000 0.000000
    1061   1   1   1   2  13     0     0      29.620378 0.666667 0.333333 0.000000 0.000000
    1060   1   1   0   2  13     0     0      26.313838 0.000000 1.000000 0.000000 0.000000
    1059   1   1   9   1  13     0     0       3.900000 1.000000 0.000000 0.000000 0.000000
    1058   1   1   8   1  13     0     0       3.900000 1.000000 0.000000 0.000000 0.000000
    1057   1   1   7   1  13     0     0       3.900000 1.000000 0.000000 0.000000 0.000000
    1056   1   1   6   1  13     0     0       3.900000 1.000000 0.000000 0.000000 0.000000
    1055   1   1   5   1  13     0     0       3.900000 1.000000 0.000000 0.000000 0.000000
    1054   1   1   4   1  13     0     0       3.900000 1.000000 0.000000 0.000000 0.000000
    1053   1   1   3   1  13     0     0       3.900000 1.000000 0.000000 0.000000 0.000000
    1052   1   1   2   1  13     0     0       7.365728 0.798380 0.201620 0.000000 0.000000
    1051   1   1   1   1  13     0     0      29.620378 0.666667 0.333333 0.000000 0.000000
    1050   1   1   0   1  13     0     0      26.313838 0.000000 1.000000 0.000000 0.000000
    1049   1   1   9   0  13     0     0       3.900000 1.000000 0.000000 0.000000 0.000000
    1048   1   1   8   0  13     0     0       3.900000 1.000000 0.000000 0.000000 0.000000
    1047   1   1   7   0  13     0     0       3.900000 1.000000 0.000000 0.000000 0.000000
    1046   1   1   6   0  13     0     0       3.900000 1.000000 0.000000 0.000000 0.000000
    1045   1   1   5   0  13     0     0       3.900000 1.000000 0.000000 0.000000 0.000000
    1044   1   1   4   0  13     0     0       3.900000 1.000000 0.000000 0.000000 0.000000
    1043   1   1   3   0  13     0     0       3.900000 1.000000 0.000000 0.000000 0.000000
    1042   1   1   2   0  13     0     0       7.365728 0.798380 0.201620 0.000000 0.000000
    1041   1   1   1   0  13     0     0      29.620378 0.666667 0.333333 0.000000 0.000000
    1040   1   1   0   0  13     0     0      26.313838 0.000000 1.000000 0.000000 0.000000
    1035   1   1   5   7  12     0     0       5.705000 1.000000 0.000000 0.000000 0.000000
    1034   1   1   4   7  12     0     0       5.705000 1.000000 0.000000 0.000000 0.000000
    1033   1   1   3   7  12     0     0       5.705000 1.000000 0.000000 0.000000 0.000000
    1032   1   1   2   7  12     0     0      10.257829 0.821763 0.178237 0.000000 0.000000
    1031   1   1   1   7  12     0     0      37.725670 0.733333 0.266667 0.000000 0.000000
    1030   1   1   0   7  12     0     0      36.436025 0.000003 0.999997 0.000000 0.000000
    1026   1   1   6   6  12     0     0       5.705000 1.000000 0.000000 0.000000 0.000000
    1025   1   1   5   6  12     0     0       5.705000 1.000000 0.000000 0.000000 0.000000
    1024   1   1   4   6  12     0     0       5.705000 1.000000 0.000000 0.000000 0.000000
    1023   1   1   3   6  12     0     0       5.705000 1.000000 0.000000 0.000000 0.000000
    1022   1   1   2   6  12     0     0      10.257829 0.821763 0.178237 0.000000 0.000000
    1021   1   1   1   6  12     0     0      37.725670 0.733333 0.266667 0.000000 0.000000
    1020   1   1   0   6  12     0     0      36.436025 0.000003 0.999997 0.000000 0.000000
    1017   1   1   7   5  12     0     0       5.705000 1.000000 0.000000 0.000000 0.000000
    1016   1   1   6   5  12     0     0       5.705000 1.000000 0.000000 0.000000 0.000000
    1015   1   1   5   5  12     0     0       5.705000 1.000000 0.000000 0.000000 0.000000
    1014   1   1   4   5  12     0     0       5.705000 1.000000 0.000000 0.000000 0.000000
    1013   1   1   3   5  12     0     0       5.705000 1.000000 0.000000 0.000000 0.000000
    1012   1   1   2   5  12     0     0      10.257829 0.821763 0.178237 0.000000 0.000000
    1011   1   1   1   5  12     0     0      37.725670 0.733333 0.266667 0.000000 0.000000
    1010   1   1   0   5  12     0     0      36.436025 0.000003 0.999997 0.000000 0.000000
    1008   1   1   8   4  12     0     0       5.705000 1.000000 0.000000 0.000000 0.000000
    1007   1   1   7   4  12     0     0       5.705000 1.000000 0.000000 0.000000 0.000000
    1006   1   1   6   4  12     0     0       5.705000 1.000000 0.000000 0.000000 0.000000
    1005   1   1   5   4  12     0     0       5.705000 1.000000 0.000000 0.000000 0.000000
    1004   1   1   4   4  12     0     0       5.705000 1.000000 0.000000 0.000000 0.000000
    1003   1   1   3   4  12     0     0       5.705000 1.000000 0.000000 0.000000 0.000000
    1002   1   1   2   4  12     0     0      10.257829 0.821763 0.178237 0.000000 0.000000
    1001   1   1   1   4  12     0     0      37.725670 0.733333 0.266667 0.000000 0.000000
    1000   1   1   0   4  12     0     0      36.436025 0.000003 0.999997 0.000000 0.000000
     999   1   1   9   3  12     0     0       5.705000 1.000000 0.000000 0.000000 0.000000
     998   1   1   8   3  12     0     0       5.705000 1.000000 0.000000 0.000000 0.000000
     997   1   1   7   3  12     0     0       5.705000 1.000000 0.000000 0.000000 0.000000
     996   1   1   6   3  12     0     0       5.705000 1.000000 0.000000 0.000000 0.000000
     995   1   1   5   3  12     0     0       5.705000 1.000000 0.000000 0.000000 0.000000
     994   1   1   4   3  12     0     0       5.705000 1.000000 0.000000 0.000000 0.000000
     993   1   1   3   3  12     0     0       5.705000 1.000000 0.000000 0.000000 0.000000
     992   1   1   2   3  12     0     0      10.257829 0.821763 0.178237 0.000000 0.000000
     991   1   1   1   3  12     0     0      37.725670 0.733333 0.266667 0.000000 0.000000
     990   1   1   0   3  12     0     0      36.436025 0.000003 0.999997 0.000000 0.000000
     989   1   1   9   2  12     0     0       5.705000 1.000000 0.000000 0.000000 0.000000
     988   1   1   8   2  12     0     0       5.705000 1.000000 0.000000 0.000000 0.000000
     987   1   1   7   2  12     0     0       5.705000 1.000000 0.000000 0.000000 0.000000
     986   1   1   6   2  12     0     0       5.705000 1.000000 0.000000 0.000000 0.000000
     985   1   1   5   2  12     0     0       5.705000 1.000000 0.000000 0.000000 0.000000
     984   1   1   4   2  12     0     0       5.705000 1.000000 0.000000 0.000000 0.000000
     983   1   1   3   2  12     0     0       5.705000 1.000000 0.000000 0.000000 0.000000
     982   1   1   2   2  12     0     0      10.257829 0.821763 0.178237 0.000000 0.000000
     981   1   1   1   2  12     0     0      37.725670 0.733333 0.266667 0.000000 0.000000
     980   1   1   0   2  12     0     0      36.436025 0.000003 0.999997 0.000000 0.000000
     979   1   1   9   1  12     0     0       5.705000 1.000000 0.000000 0.000000 0.000000
     978   1   1   8   1  12     0     0       5.705000 1.000000 0.000000 0.000000 0.000000
     977   1   1   7   1  12     0     0       5.705000 1.000000 0.000000 0.000000 0.000000
     976   1   1   6   1  12     0     0       5.705000 1.000000 0.000000 0.000000 0.000000
     975   1   1   5   1  12     0     0       5.705000 1.000000 0.000000 0.000000 0.000000
     974   1   1   4   1  12     0     0       5.705000 1.000000 0.000000 0.000000 0.000000
     973   1   1   3   1  12     0     0       5.705000 1.000000 0.000000 0.000000 0.000000
     972   1   1   2   1  12     0     0      10.257829 0.821763 0.178237 0.000000 0.000000
     971   1   1   1   1  12     0     0      37.725670 0.733333 0.266667 0.000000 0.000000
     970   1   1   0   1  12     0     0      36.436025 0.000003 0.999997 0.000000 0.000000
     969   1   1   9   0  12     0     0       5.705000 1.000000 0.000000 0.000000 0.000000
     968   1   1   8   0  12     0     0       5.705000 1.000000 0.000000 0.000000 0.000000
     967   1   1   7   0  12     0     0       5.705000 1.000000 0.000000 0.000000 0.000000
     966   1   1   6   0  12     0     0       5.705000 1.000000 0.000000 0.000000 0.000000
     965   1   1   5   0  12     0     0       5.705000 1.000000 0.000000 0.000000 0.000000
     964   1   1   4   0  12     0     0       5.705000 1.000000 0.000000 0.000000 0.000000
     963   1   1   3   0  12     0     0       5.705000 1.000000 0.000000 0.000000 0.000000
     962   1   1   2   0  12     0     0      10.257829 0.821763 0.178237 0.000000 0.000000
     961   1   1   1   0  12     0     0      37.725670 0.733333 0.266667 0.000000 0.000000
     960   1   1   0   0  12     0     0      36.436025 0.000003 0.999997 0.000000 0.000000
     954   1   1   4   7  11     0     0       7.419750 1.000000 0.000000 0.000000 0.000000
     953   1   1   3   7  11     0     0       7.419750 1.000000 0.000000 0.000000 0.000000
     952   1   1   2   7  11     0     0      12.858301 0.866631 0.133369 0.000000 0.000000
     951   1   1   1   7  11     0     0      44.082582 0.800000 0.200000 0.000000 0.000000
     950   1   1   0   7  11     0     0      43.722459 0.226933 0.773067 0.000000 0.000000
     945   1   1   5   6  11     0     0       7.419750 1.000000 0.000000 0.000000 0.000000
     944   1   1   4   6  11     0     0       7.419750 1.000000 0.000000 0.000000 0.000000
     943   1   1   3   6  11     0     0       7.419750 1.000000 0.000000 0.000000 0.000000
     942   1   1   2   6  11     0     0      12.858301 0.866631 0.133369 0.000000 0.000000
     941   1   1   1   6  11     0     0      44.082582 0.800000 0.200000 0.000000 0.000000
     940   1   1   0   6  11     0     0      43.722459 0.226933 0.773067 0.000000 0.000000
     936   1   1   6   5  11     0     0       7.419750 1.000000 0.000000 0.000000 0.000000
     935   1   1   5   5  11     0     0       7.419750 1.000000 0.000000 0.000000 0.000000
     934   1   1   4   5  11     0     0       7.419750 1.000000 0.000000 0.000000 0.000000
     933   1   1   3   5  11     0     0       7.419750 1.000000 0.000000 0.000000 0.000000
     932   1   1   2   5  11     0     0      12.858301 0.866631 0.133369 0.000000 0.000000
     931   1   1   1   5  11     0     0      44.082582 0.800000 0.200000 0.000000 0.000000
     930   1   1   0   5  11     0     0      43.722459 0.226933 0.773067 0.000000 0.000000
     927   1   1   7   4  11     0     0       7.419750 1.000000 0.000000 0.000000 0.000000
     926   1   1   6   4  11     0     0       7.419750 1.000000 0.000000 0.000000 0.000000
     925   1   1   5   4  11     0     0       7.419750 1.000000 0.000000 0.000000 0.000000
     924   1   1   4   4  11     0     0       7.419750 1.000000 0.000000 0.000000 0.000000
     923   1   1   3   4  11     0     0       7.419750 1.000000 0.000000 0.000000 0.000000
     922   1   1   2   4  11     0     0      12.858301 0.866631 0.133369 0.000000 0.000000
     921   1   1   1   4  11     0     0      44.082582 0.800000 0.200000 0.000000 0.000000
     920   1   1   0   4  11     0     0      43.722459 0.226933 0.773067 0.000000 0.000000
     918   1   1   8   3  11     0     0       7.419750 1.000000 0.000000 0.000000 0.000000
     917   1   1   7   3  11     0     0       7.419750 1.000000 0.000000 0.000000 0.000000
     916   1   1   6   3  11     0     0       7.419750 1.000000 0.000000 0.000000 0.000000
     915   1   1   5   3  11     0     0       7.419750 1.000000 0.000000 0.000000 0.000000
     914   1   1   4   3  11     0     0       7.419750 1.000000 0.000000 0.000000 0.000000
     913   1   1   3   3  11     0     0       7.419750 1.000000 0.000000 0.000000 0.000000
     912   1   1   2   3  11     0     0      12.858301 0.866631 0.133369 0.000000 0.000000
     911   1   1   1   3  11     0     0      44.082582 0.800000 0.200000 0.000000 0.000000
     910   1   1   0   3  11     0     0      43.722459 0.226933 0.773067 0.000000 0.000000
     909   1   1   9   2  11     0     0       7.419750 1.000000 0.000000 0.000000 0.000000
     908   1   1   8   2  11     0     0       7.419750 1.000000 0.000000 0.000000 0.000000
     907   1   1   7   2  11     0     0       7.419750 1.000000 0.000000 0.000000 0.000000
     906   1   1   6   2  11     0     0       7.419750 1.000000 0.000000 0.000000 0.000000
     905   1   1   5   2  11     0     0       7.419750 1.000000 0.000000 0.000000 0.000000
     904   1   1   4   2  11     0     0       7.419750 1.000000 0.000000 0.000000 0.000000
     903   1   1   3   2  11     0     0       7.419750 1.000000 0.000000 0.000000 0.000000
     902   1   1   2   2  11     0     0      12.858301 0.866631 0.133369 0.000000 0.000000
     901   1   1   1   2  11     0     0      44.082582 0.800000 0.200000 0.000000 0.000000
     900   1   1   0   2  11     0     0      43.722459 0.226933 0.773067 0.000000 0.000000
     899   1   1   9   1  11     0     0       7.419750 1.000000 0.000000 0.000000 0.000000
     898   1   1   8   1  11     0     0       7.419750 1.000000 0.000000 0.000000 0.000000
     897   1   1   7   1  11     0     0       7.419750 1.000000 0.000000 0.000000 0.000000
     896   1   1   6   1  11     0     0       7.419750 1.000000 0.000000 0.000000 0.000000
     895   1   1   5   1  11     0     0       7.419750 1.000000 0.000000 0.000000 0.000000
     894   1   1   4   1  11     0     0       7.419750 1.000000 0.000000 0.000000 0.000000
     893   1   1   3   1  11     0     0       7.419750 1.000000 0.000000 0.000000 0.000000
     892   1   1   2   1  11     0     0      12.858301 0.866631 0.133369 0.000000 0.000000
     891   1   1   1   1  11     0     0      44.082582 0.800000 0.200000 0.000000 0.000000
     890   1   1   0   1  11     0     0      43.722459 0.226933 0.773067 0.000000 0.000000
     889   1   1   9   0  11     0     0       7.419750 1.000000 0.000000 0.000000 0.000000
     888   1   1   8   0  11     0     0       7.419750 1.000000 0.000000 0.000000 0.000000
     887   1   1   7   0  11     0     0       7.419750 1.000000 0.000000 0.000000 0.000000
     886   1   1   6   0  11     0     0       7.419750 1.000000 0.000000 0.000000 0.000000
     885   1   1   5   0  11     0     0       7.419750 1.000000 0.000000 0.000000 0.000000
     884   1   1   4   0  11     0     0       7.419750 1.000000 0.000000 0.000000 0.000000
     883   1   1   3   0  11     0     0       7.419750 1.000000 0.000000 0.000000 0.000000
     882   1   1   2   0  11     0     0      12.858301 0.866631 0.133369 0.000000 0.000000
     881   1   1   1   0  11     0     0      44.082582 0.800000 0.200000 0.000000 0.000000
     880   1   1   0   0  11     0     0      43.722459 0.226933 0.773067 0.000000 0.000000
     873   1   1   3   7  10     0     0       9.048763 1.000000 0.000000 0.000000 0.000000
     872   1   1   2   7  10     0     0      15.216553 0.866667 0.133333 0.000000 0.000000
     871   1   1   1   7  10     0     0      49.203798 0.800000 0.200000 0.000000 0.000000
     870   1   1   0   7  10     0     0      49.627452 0.368571 0.631429 0.000000 0.000000
     864   1   1   4   6  10     0     0       9.048763 1.000000 0.000000 0.000000 0.000000
     863   1   1   3   6  10     0     0       9.048763 1.000000 0.000000 0.000000 0.000000
     862   1   1   2   6  10     0     0      15.216553 0.866667 0.133333 0.000000 0.000000
     861   1   1   1   6  10     0     0      49.203798 0.800000 0.200000 0.000000 0.000000
     860   1   1   0   6  10     0     0      49.627452 0.368571 0.631429 0.000000 0.000000
     855   1   1   5   5  10     0     0       9.048763 1.000000 0.000000 0.000000 0.000000
     854   1   1   4   5  10     0     0       9.048763 1.000000 0.000000 0.000000 0.000000
     853   1   1   3   5  10     0     0       9.048763 1.000000 0.000000 0.000000 0.000000
     852   1   1   2   5  10     0     0      15.216553 0.866667 0.133333 0.000000 0.000000
     851   1   1   1   5  10     0     0      49.203798 0.800000 0.200000 0.000000 0.000000
     850   1   1   0   5  10     0     0      49.627452 0.368571 0.631429 0.000000 0.000000
     846   1   1   6   4  10     0     0       9.048763 1.000000 0.000000 0.000000 0.000000
     845   1   1   5   4  10     0     0       9.048763 1.000000 0.000000 0.000000 0.000000
     844   1   1   4   4  10     0     0       9.048763 1.000000 0.000000 0.000000 0.000000
     843   1   1   3   4  10     0     0       9.048763 1.000000 0.000000 0.000000 0.000000
     842   1   1   2   4  10     0     0      15.216553 0.866667 0.133333 0.000000 0.000000
     841   1   1   1   4  10     0     0      49.203798 0.800000 0.200000 0.000000 0.000000
     840   1   1   0   4  10     0     0      49.627452 0.368571 0.631429 0.000000 0.000000
     837   1   1   7   3  10     0     0       9.048763 1.000000 0.000000 0.000000 0.000000
     836   1   1   6   3  10     0     0       9.048763 1.000000 0.000000 0.000000 0.000000
     835   1   1   5   3  10     0     0       9.048763 1.000000 0.000000 0.000000 0.000000
     834   1   1   4   3  10     0     0       9.048763 1.000000 0.000000 0.000000 0.000000
     833   1   1   3   3  10     0     0       9.048763 1.000000 0.000000 0.000000 0.000000
     832   1   1   2   3  10     0     0      15.216553 0.866667 0.133333 0.000000 0.000000
     831   1   1   1   3  10     0     0      49.203798 0.800000 0.200000 0.000000 0.000000
     830   1   1   0   3  10     0     0      49.627452 0.368571 0.631429 0.000000 0.000000
     828   1   1   8   2  10     0     0       9.048763 1.000000 0.000000 0.000000 0.000000
     827   1   1   7   2  10     0     0       9.048763 1.000000 0.000000 0.000000 0.000000
     826   1   1   6   2  10     0     0       9.048763 1.000000 0.000000 0.000000 0.000000
     825   1   1   5   2  10     0     0       9.048763 1.000000 0.000000 0.000000 0.000000
     824   1   1   4   2  10     0     0       9.048763 1.000000 0.000000 0.000000 0.000000
     823   1   1   3   2  10     0     0       9.048763 1.000000 0.000000 0.000000 0.000000
     822   1   1   2   2  10     0     0      15.216553 0.866667 0.133333 0.000000 0.000000
     821   1   1   1   2  10     0     0      49.203798 0.800000 0.200000 0.000000 0.000000
     820   1   1   0   2  10     0     0      49.627452 0.368571 0.631429 0.000000 0.000000
     819   1   1   9   1  10     0     0       9.048763 1.000000 0.000000 0.000000 0.000000
     818   1   1   8   1  10     0     0       9.048763 1.000000 0.000000 0.000000 0.000000
     817   1   1   7   1  10     0     0       9.048763 1.000000 0.000000 0.000000 0.000000
     816   1   1   6   1  10     0     0       9.048763 1.000000 0.000000 0.000000 0.000000
     815   1   1   5   1  10     0     0       9.048763 1.000000 0.000000 0.000000 0.000000
     814   1   1   4   1  10     0     0       9.048763 1.000000 0.000000 0.000000 0.000000
     813   1   1   3   1  10     0     0       9.048763 1.000000 0.000000 0.000000 0.000000
     812   1   1   2   1  10     0     0      15.216553 0.866667 0.133333 0.000000 0.000000
     811   1   1   1   1  10     0     0      49.203798 0.800000 0.200000 0.000000 0.000000
     810   1   1   0   1  10     0     0      49.627452 0.368571 0.631429 0.000000 0.000000
     809   1   1   9   0  10     0     0       9.048763 1.000000 0.000000 0.000000 0.000000
     808   1   1   8   0  10     0     0       9.048763 1.000000 0.000000 0.000000 0.000000
     807   1   1   7   0  10     0     0       9.048763 1.000000 0.000000 0.000000 0.000000
     806   1   1   6   0  10     0     0       9.048763 1.000000 0.000000 0.000000 0.000000
     805   1   1   5   0  10     0     0       9.048763 1.000000 0.000000 0.000000 0.000000
     804   1   1   4   0  10     0     0       9.048763 1.000000 0.000000 0.000000 0.000000
     803   1   1   3   0  10     0     0       9.048763 1.000000 0.000000 0.000000 0.000000
     802   1   1   2   0  10     0     0      15.216553 0.866667 0.133333 0.000000 0.000000
     801   1   1   1   0  10     0     0      49.203798 0.800000 0.200000 0.000000 0.000000
     800   1   1   0   0  10     0     0      49.627452 0.368571 0.631429 0.000000 0.000000
     792   1   1   2   7   9     0     0      17.364523 0.866668 0.133332 0.000000 0.000000
     791   1   1   1   7   9     0     0      53.245279 0.800000 0.200000 0.000000 0.000000
     790   1   1   0   7   9     0     0      54.471336 0.451221 0.548779 0.000000 0.000000
     783   1   1   3   6   9     0     0      10.596324 1.000000 0.000000 0.000000 0.000000
     782   1   1   2   6   9     0     0      17.364523 0.866668 0.133332 0.000000 0.000000
     781   1   1   1   6   9     0     0      53.245279 0.800000 0.200000 0.000000 0.000000
     780   1   1   0   6   9     0     0      54.471336 0.451221 0.548779 0.000000 0.000000
     774   1   1   4   5   9     0     0      10.596324 1.000000 0.000000 0.000000 0.000000
     773   1   1   3   5   9     0     0      10.596324 1.000000 0.000000 0.000000 0.000000
     772   1   1   2   5   9     0     0      17.364523 0.866668 0.133332 0.000000 0.000000
     771   1   1   1   5   9     0     0      53.245279 0.800000 0.200000 0.000000 0.000000
     770   1   1   0   5   9     0     0      54.471336 0.451221 0.548779 0.000000 0.000000
     765   1   1   5   4   9     0     0      10.596324 1.000000 0.000000 0.000000 0.000000
     764   1   1   4   4   9     0     0      10.596324 1.000000 0.000000 0.000000 0.000000
     763   1   1   3   4   9     0     0      10.596324 1.000000 0.000000 0.000000 0.000000
     762   1   1   2   4   9     0     0      17.364523 0.866668 0.133332 0.000000 0.000000
     761   1   1   1   4   9     0     0      53.245279 0.800000 0.200000 0.000000 0.000000
     760   1   1   0   4   9     0     0      54.471336 0.451221 0.548779 0.000000 0.000000
     756   1   1   6   3   9     0     0      10.596324 1.000000 0.000000 0.000000 0.000000
     755   1   1   5   3   9     0     0      10.596324 1.000000 0.000000 0.000000 0.000000
     754   1   1   4   3   9     0     0      10.596324 1.000000 0.000000 0.000000 0.000000
     753   1   1   3   3   9     0     0      10.596324 1.000000 0.000000 0.000000 0.000000
     752   1   1   2   3   9     0     0      17.364523 0.866668 0.133332 0.000000 0.000000
     751   1   1   1   3   9     0     0      53.245279 0.800000 0.200000 0.000000 0.000000
     750   1   1   0   3   9     0     0      54.471336 0.451221 0.548779 0.000000 0.000000
     747   1   1   7   2   9     0     0      10.596324 1.000000 0.000000 0.000000 0.000000
     746   1   1   6   2   9     0     0      10.596324 1.000000 0.000000 0.000000 0.000000
     745   1   1   5   2   9     0     0      10.596324 1.000000 0.000000 0.000000 0.000000
     744   1   1   4   2   9     0     0      10.596324 1.000000 0.000000 0.000000 0.000000
     743   1   1   3   2   9     0     0      10.596324 1.000000 0.000000 0.000000 0.000000
     742   1   1   2   2   9     0     0      17.364523 0.866668 0.133332 0.000000 0.000000
     741   1   1   1   2   9     0     0      53.245279 0.800000 0.200000 0.000000 0.000000
     740   1   1   0   2   9     0     0      54.471336 0.451221 0.548779 0.000000 0.000000
     738   1   1   8   1   9     0     0      10.596324 1.000000 0.000000 0.000000 0.000000
     737   1   1   7   1   9     0     0      10.596324 1.000000 0.000000 0.000000 0.000000
     736   1   1   6   1   9     0     0      10.596324 1.000000 0.000000 0.000000 0.000000
     735   1   1   5   1   9     0     0      10.596324 1.000000 0.000000 0.000000 0.000000
     734   1   1   4   1   9     0     0      10.596324 1.000000 0.000000 0.000000 0.000000
     733   1   1   3   1   9     0     0      10.596324 1.000000 0.000000 0.000000 0.000000
     732   1   1   2   1   9     0     0      17.364523 0.866668 0.133332 0.000000 0.000000
     731   1   1   1   1   9     0     0      53.245279 0.800000 0.200000 0.000000 0.000000
     730   1   1   0   1   9     0     0      54.471336 0.451221 0.548779 0.000000 0.000000
     729   1   1   9   0   9     0     0      10.596324 1.000000 0.000000 0.000000 0.000000
     728   1   1   8   0   9     0     0      10.596324 1.000000 0.000000 0.000000 0.000000
     727   1   1   7   0   9     0     0      10.596324 1.000000 0.000000 0.000000 0.000000
     726   1   1   6   0   9     0     0      10.596324 1.000000 0.000000 0.000000 0.000000
     725   1   1   5   0   9     0     0      10.596324 1.000000 0.000000 0.000000 0.000000
     724   1   1   4   0   9     0     0      10.596324 1.000000 0.000000 0.000000 0.000000
     723   1   1   3   0   9     0     0      10.596324 1.000000 0.000000 0.000000 0.000000
     722   1   1   2   0   9     0     0      17.364523 0.866668 0.133332 0.000000 0.000000
     721   1   1   1   0   9     0     0      53.245279 0.800000 0.200000 0.000000 0.000000
     720   1   1   0   0   9     0     0      54.471336 0.451221 0.548779 0.000000 0.000000
     711   1   1   1   7   8     0     0      56.452842 0.800000 0.200000 0.000000 0.000000
     710   1   1   0   7   8     0     0      58.441129 0.558385 0.441615 0.000000 0.000000
     702   1   1   2   6   8     0     0      19.329057 0.866785 0.133215 0.000000 0.000000
     701   1   1   1   6   8     0     0      56.452842 0.800000 0.200000 0.000000 0.000000
     700   1   1   0   6   8     0     0      58.441129 0.558385 0.441615 0.000000 0.000000
     693   1   1   3   5   8     0     0      12.066508 1.000000 0.000000 0.000000 0.000000
     692   1   1   2   5   8     0     0      19.329057 0.866785 0.133215 0.000000 0.000000
     691   1   1   1   5   8     0     0      56.452842 0.800000 0.200000 0.000000 0.000000
     690   1   1   0   5   8     0     0      58.441129 0.558385 0.441615 0.000000 0.000000
     684   1   1   4   4   8     0     0      12.066508 1.000000 0.000000 0.000000 0.000000
     683   1   1   3   4   8     0     0      12.066508 1.000000 0.000000 0.000000 0.000000
     682   1   1   2   4   8     0     0      19.329057 0.866785 0.133215 0.000000 0.000000
     681   1   1   1   4   8     0     0      56.452842 0.800000 0.200000 0.000000 0.000000
     680   1   1   0   4   8     0     0      58.441129 0.558385 0.441615 0.000000 0.000000
     675   1   1   5   3   8     0     0      12.066508 1.000000 0.000000 0.000000 0.000000
     674   1   1   4   3   8     0     0      12.066508 1.000000 0.000000 0.000000 0.000000
     673   1   1   3   3   8     0     0      12.066508 1.000000 0.000000 0.000000 0.000000
     672   1   1   2   3   8     0     0      19.329057 0.866785 0.133215 0.000000 0.000000
     671   1   1   1   3   8     0     0      56.452842 0.800000 0.200000 0.000000 0.000000
     670   1   1   0   3   8     0     0      58.441129 0.558385 0.441615 0.000000 0.000000
     666   1   1   6   2   8     0     0      12.066508 1.000000 0.000000 0.000000 0.000000
     665   1   1   5   2   8     0     0      12.066508 1.000000 0.000000 0.000000 0.000000
     664   1   1   4   2   8     0     0      12.066508 1.000000 0.000000 0.000000 0.000000
     663   1   1   3   2   8     0     0      12.066508 1.000000 0.000000 0.000000 0.000000
     662   1   1   2   2   8     0     0      19.329057 0.866785 0.133215 0.000000 0.000000
     661   1   1   1   2   8     0     0      56.452842 0.800000 0.200000 0.000000 0.000000
     660   1   1   0   2   8     0     0      58.441129 0.558385 0.441615 0.000000 0.000000
     657   1   1   7   1   8     0     0      12.066508 1.000000 0.000000 0.000000 0.000000
     656   1   1   6   1   8     0     0      12.066508 1.000000 0.000000 0.000000 0.000000
     655   1   1   5   1   8     0     0      12.066508 1.000000 0.000000 0.000000 0.000000
     654   1   1   4   1   8     0     0      12.066508 1.000000 0.000000 0.000000 0.000000
     653   1   1   3   1   8     0     0      12.066508 1.000000 0.000000 0.000000 0.000000
     652   1   1   2   1   8     0     0      19.329057 0.866785 0.133215 0.000000 0.000000
     651   1   1   1   1   8     0     0      56.452842 0.800000 0.200000 0.000000 0.000000
     650   1   1   0   1   8     0     0      58.441129 0.558385 0.441615 0.000000 0.000000
     648   1   1   8   0   8     0     0      12.066508 1.000000 0.000000 0.000000 0.000000
     647   1   1   7   0   8     0     0      12.066508 1.000000 0.000000 0.000000 0.000000
     646   1   1   6   0   8     0     0      12.066508 1.000000 0.000000 0.000000 0.000000
     645   1   1   5   0   8     0     0      12.066508 1.000000 0.000000 0.000000 0.000000
     644   1   1   4   0   8     0     0      12.066508 1.000000 0.000000 0.000000 0.000000
     643   1   1   3   0   8     0     0      12.066508 1.000000 0.000000 0.000000 0.000000
     642   1   1   2   0   8     0     0      19.329057 0.866785 0.133215 0.000000 0.000000
     641   1   1   1   0   8     0     0      56.452842 0.800000 0.200000 0.000000 0.000000
     640   1   1   0   0   8     0     0      58.441129 0.558385 0.441615 0.000000 0.000000
     630   1   1   0   7   7     0     0      61.711943 0.600149 0.399851 0.000000 0.000000
     621   1   1   1   6   7     0     0      59.015010 0.800000 0.200000 0.000000 0.000000
     620   1   1   0   6   7     0     0      61.711943 0.600149 0.399851 0.000000 0.000000
     612   1   1   2   5   7     0     0      21.133342 0.871375 0.128625 0.000000 0.000000
     611   1   1   1   5   7     0     0      59.015010 0.800000 0.200000 0.000000 0.000000
     610   1   1   0   5   7     0     0      61.711943 0.600149 0.399851 0.000000 0.000000
     603   1   1   3   4   7     0     0      13.463183 1.000000 0.000000 0.000000 0.000000
     602   1   1   2   4   7     0     0      21.133342 0.871375 0.128625 0.000000 0.000000
     601   1   1   1   4   7     0     0      59.015010 0.800000 0.200000 0.000000 0.000000
     600   1   1   0   4   7     0     0      61.711943 0.600149 0.399851 0.000000 0.000000
     594   1   1   4   3   7     0     0      13.463183 1.000000 0.000000 0.000000 0.000000
     593   1   1   3   3   7     0     0      13.463183 1.000000 0.000000 0.000000 0.000000
     592   1   1   2   3   7     0     0      21.133342 0.871375 0.128625 0.000000 0.000000
     591   1   1   1   3   7     0     0      59.015010 0.800000 0.200000 0.000000 0.000000
     590   1   1   0   3   7     0     0      61.711943 0.600149 0.399851 0.000000 0.000000
     585   1   1   5   2   7     0     0      13.463183 1.000000 0.000000 0.000000 0.000000
     584   1   1   4   2   7     0     0      13.463183 1.000000 0.000000 0.000000 0.000000
     583   1   1   3   2   7     0     0      13.463183 1.000000 0.000000 0.000000 0.000000
     582   1   1   2   2   7     0     0      21.133342 0.871375 0.128625 0.000000 0.000000
     581   1   1   1   2   7     0     0      59.015010 0.800000 0.200000 0.000000 0.000000
     580   1   1   0   2   7     0     0      61.711943 0.600149 0.399851 0.000000 0.000000
     576   1   1   6   1   7     0     0      13.463183 1.000000 0.000000 0.000000 0.000000
     575   1   1   5   1   7     0     0      13.463183 1.000000 0.000000 0.000000 0.000000
     574   1   1   4   1   7     0     0      13.463183 1.000000 0.000000 0.000000 0.000000
     573   1   1   3   1   7     0     0      13.463183 1.000000 0.000000 0.000000 0.000000
     572   1   1   2   1   7     0     0      21.133342 0.871375 0.128625 0.000000 0.000000
     571   1   1   1   1   7     0     0      59.015010 0.800000 0.200000 0.000000 0.000000
     570   1   1   0   1   7     0     0      61.711943 0.600149 0.399851 0.000000 0.000000
     567   1   1   7   0   7     0     0      13.463183 1.000000 0.000000 0.000000 0.000000
     566   1   1   6   0   7     0     0      13.463183 1.000000 0.000000 0.000000 0.000000
     565   1   1   5   0   7     0     0      13.463183 1.000000 0.000000 0.000000 0.000000
     564   1   1   4   0   7     0     0      13.463183 1.000000 0.000000 0.000000 0.000000
     563   1   1   3   0   7     0     0      13.463183 1.000000 0.000000 0.000000 0.000000
     562   1   1   2   0   7     0     0      21.133342 0.871375 0.128625 0.000000 0.000000
     561   1   1   1   0   7     0     0      59.015010 0.800000 0.200000 0.000000 0.000000
     560   1   1   0   0   7     0     0      61.711943 0.600149 0.399851 0.000000 0.000000
     540   1   1   0   6   6     0     0      64.303950 0.639949 0.360051 0.000000 0.000000
     531   1   1   1   5   6     0     0      61.076530 0.800000 0.200000 0.000000 0.000000
     530   1   1   0   5   6     0     0      64.303950 0.639949 0.360051 0.000000 0.000000
     522   1   1   2   4   6     0     0      22.803398 0.908489 0.091511 0.000000 0.000000
     521   1   1   1   4   6     0     0      61.076530 0.800000 0.200000 0.000000 0.000000
     520   1   1   0   4   6     0     0      64.303950 0.639949 0.360051 0.000000 0.000000
     513   1   1   3   3   6     0     0      14.790024 1.000000 0.000000 0.000000 0.000000
     512   1   1   2   3   6     0     0      22.803398 0.908489 0.091511 0.000000 0.000000
     511   1   1   1   3   6     0     0      61.076530 0.800000 0.200000 0.000000 0.000000
     510   1   1   0   3   6     0     0      64.303950 0.639949 0.360051 0.000000 0.000000
     504   1   1   4   2   6     0     0      14.790024 1.000000 0.000000 0.000000 0.000000
     503   1   1   3   2   6     0     0      14.790024 1.000000 0.000000 0.000000 0.000000
     502   1   1   2   2   6     0     0      22.803398 0.908489 0.091511 0.000000 0.000000
     501   1   1   1   2   6     0     0      61.076530 0.800000 0.200000 0.000000 0.000000
     500   1   1   0   2   6     0     0      64.303950 0.639949 0.360051 0.000000 0.000000
     495   1   1   5   1   6     0     0      14.790024 1.000000 0.000000 0.000000 0.000000
     494   1   1   4   1   6     0     0      14.790024 1.000000 0.000000 0.000000 0.000000
     493   1   1   3   1   6     0     0      14.790024 1.000000 0.000000 0.000000 0.000000
     492   1   1   2   1   6     0     0      22.803398 0.908489 0.091511 0.000000 0.000000
     491   1   1   1   1   6     0     0      61.076530 0.800000 0.200000 0.000000 0.000000
     490   1   1   0   1   6     0     0      64.303950 0.639949 0.360051 0.000000 0.000000
     486   1   1   6   0   6     0     0      14.790024 1.000000 0.000000 0.000000 0.000000
     485   1   1   5   0   6     0     0      14.790024 1.000000 0.000000 0.000000 0.000000
     484   1   1   4   0   6     0     0      14.790024 1.000000 0.000000 0.000000 0.000000
     483   1   1   3   0   6     0     0      14.790024 1.000000 0.000000 0.000000 0.000000
     482   1   1   2   0   6     0     0      22.803398 0.908489 0.091511 0.000000 0.000000
     481   1   1   1   0   6     0     0      61.076530 0.800000 0.200000 0.000000 0.000000
     480   1   1   0   0   6     0     0      64.303950 0.639949 0.360051 0.000000 0.000000
     450   1   1   0   5   5     0     0      66.333075 0.665886 0.334114 0.000000 0.000000
     441   1   1   1   4   5     0     0      62.749055 0.800001 0.199999 0.000000 0.000000
     440   1   1   0   4   5     0     0      66.333075 0.665886 0.334114 0.000000 0.000000
     432   1   1   2   3   5     0     0      24.364685 0.930539 0.069461 0.000000 0.000000
     431   1   1   1   3   5     0     0      62.749055 0.800001 0.199999 0.000000 0.000000
     430   1   1   0   3   5     0     0      66.333075 0.665886 0.334114 0.000000 0.000000
     423   1   1   3   2   5     0     0      16.050523 1.000000 0.000000 0.000000 0.000000
     422   1   1   2   2   5     0     0      24.364685 0.930539 0.069461 0.000000 0.000000
     421   1   1   1   2   5     0     0      62.749055 0.800001 0.199999 0.000000 0.000000
     420   1   1   0   2   5     0     0      66.333075 0.665886 0.334114 0.000000 0.000000
     414   1   1   4   1   5     0     0      16.050523 1.000000 0.000000 0.000000 0.000000
     413   1   1   3   1   5     0     0      16.050523 1.000000 0.000000 0.000000 0.000000
     412   1   1   2   1   5     0     0      24.364685 0.930539 0.069461 0.000000 0.000000
     411   1   1   1   1   5     0     0      62.749055 0.800001 0.199999 0.000000 0.000000
     410   1   1   0   1   5     0     0      66.333075 0.665886 0.334114 0.000000 0.000000
     405   1   1   5   0   5     0     0      16.050523 1.000000 0.000000 0.000000 0.000000
     404   1   1   4   0   5     0     0      16.050523 1.000000 0.000000 0.000000 0.000000
     403   1   1   3   0   5     0     0      16.050523 1.000000 0.000000 0.000000 0.000000
     402   1   1   2   0   5     0     0      24.364685 0.930539 0.069461 0.000000 0.000000
     401   1   1   1   0   5     0     0      62.749055 0.800001 0.199999 0.000000 0.000000
     400   1   1   0   0   5     0     0      66.333075 0.665886 0.334114 0.000000 0.000000
     360   1   1   0   4   4     0     0      67.935877 0.666632 0.333368 0.000000 0.000000
     351   1   1   1   3   4     0     0      64.119056 0.800002 0.199998 0.000000 0.000000
     350   1   1   0   3   4     0     0      67.935877 0.666632 0.333368 0.000000 0.000000
     342   1   1   2   2   4     0     0      25.828538 0.933038 0.066962 0.000000 0.000000
     341   1   1   1   2   4     0     0      64.119056 0.800002 0.199998 0.000000 0.000000
     340   1   1   0   2   4     0     0      67.935877 0.666632 0.333368 0.000000 0.000000
     333   1   1   3   1   4     0     0      17.247996 1.000000 0.000000 0.000000 0.000000
     332   1   1   2   1   4     0     0      25.828538 0.933038 0.066962 0.000000 0.000000
     331   1   1   1   1   4     0     0      64.119056 0.800002 0.199998 0.000000 0.000000
     330   1   1   0   1   4     0     0      67.935877 0.666632 0.333368 0.000000 0.000000
     324   1   1   4   0   4     0     0      17.247996 1.000000 0.000000 0.000000 0.000000
     323   1   1   3   0   4     0     0      17.247996 1.000000 0.000000 0.000000 0.000000
     322   1   1   2   0   4     0     0      25.828538 0.933038 0.066962 0.000000 0.000000
     321   1   1   1   0   4     0     0      64.119056 0.800002 0.199998 0.000000 0.000000
     320   1   1   0   0   4     0     0      67.935877 0.666632 0.333368 0.000000 0.000000
     270   1   1   0   3   3     0     0      69.211291 0.666762 0.333238 0.000000 0.000000
     261   1   1   1   2   3     0     0      65.252967 0.800001 0.199999 0.000000 0.000000
     260   1   1   0   2   3     0     0      69.211291 0.666762 0.333238 0.000000 0.000000
     252   1   1   2   1   3     0     0      27.202296 0.933294 0.066706 0.000000 0.000000
     251   1   1   1   1   3     0     0      65.252967 0.800001 0.199999 0.000000 0.000000
     250   1   1   0   1   3     0     0      69.211291 0.666762 0.333238 0.000000 0.000000
     243   1   1   3   0   3     0     0      18.385597 1.000000 0.000000 0.000000 0.000000
     242   1   1   2   0   3     0     0      27.202296 0.933294 0.066706 0.000000 0.000000
     241   1   1   1   0   3     0     0      65.252967 0.800001 0.199999 0.000000 0.000000
     240   1   1   0   0   3     0     0      69.211291 0.666762 0.333238 0.000000 0.000000
     180   1   1   0   2   2     0     0      70.234520 0.666969 0.333031 0.000000 0.000000
     171   1   1   1   1   2     0     0      66.201744 0.800000 0.200000 0.000000 0.000000
     170   1   1   0   1   2     0     0      70.234520 0.666969 0.333031 0.000000 0.000000
     162   1   1   2   0   2     0     0      28.492405 0.933327 0.066673 0.000000 0.000000
     161   1   1   1   0   2     0     0      66.201744 0.800000 0.200000 0.000000 0.000000
     160   1   1   0   0   2     0     0      70.234520 0.666969 0.333031 0.000000 0.000000
      90   1   1   0   1   1     0     0      71.062862 0.667201 0.332799 0.000000 0.000000
      81   1   1   1   0   1     0     0      67.004521 0.800000 0.200000 0.000000 0.000000
      80   1   1   0   0   1     0     0      71.062862 0.667201 0.332799 0.000000 0.000000
       0   1   1   0   0   0     0     0      71.740021 0.667315 0.332685 0.000000 0.000000
     ------------------------------------------------------------------------------

