
Ox Professional version 8.02 (Windows_64/U/MT) (C) J.A. Doornik, 1994-2018
No debug mode in this version

 niqlow version 4.00. Copyright (C) 2011-2019 Christopher Ferrall.
Execution of niqlow implies acceptance of its free software License (niqlow/niqlow-license.txt).
Log file directory: './'. Time stamp: -4-11-2019-16-29-38.

DP::Intialize is complete. Action and State spaces are empty.
 Log file name is: ./DP-DDP-4-11-2019-16-29-38.log
Tauchen Transition Matrix. column is current, row is trans. prob.
      0.75435     0.084334   0.00028953  1.8356e-008  1.8558e-014
      0.24422      0.73627      0.12539   0.00065947  6.5815e-008
    0.0014299      0.17874      0.74865      0.17874    0.0014299
  6.5815e-008   0.00065947      0.12539      0.73627      0.24422
  1.8541e-014  1.8356e-008   0.00028953     0.084334      0.75435
Setting Actual Values of a
index              0.00000       1.0000       2.0000       3.0000       4.0000       5.0000       6.0000
actual             0.00000       1.0000       2.0000       4.0000       6.0000       8.0000       10.000
Setting Actual Values of A
index              0.00000       1.0000       2.0000       3.0000       4.0000       5.0000       6.0000
actual             0.00000       1.0000       2.0000       4.0000       6.0000       8.0000       10.000
-------------------- DP Model Summary ------------------------
0. USER BELLMAN CLASS
    Aiyagari | Exteme Value  | Bellman
1. CLOCK
    1. Ergodic
2. STATE VARIABLES
              |eps   |eta |theta        -clock        |gamma
              s11    s21      e      A      t     t'      r      f
       s.N      1      1      5      7      1      1      1      1


     Transition Categories (not counting placeholders and variables with N=1)
                 NonRandom       Random   Coevolving    Augmented       Timing    Invariant
     #Vars               0            2            0            0            0            0

3. SIZE OF SPACES

                       Number of Points
    Exogenous(Epsilon)                1
    SemiExogenous(Eta)                1
   Endogenous(Theta_t)               35
                 Times                1
         EV()Iterating               35
      ChoiceProb.track               35
         Random Groups                1
 Dynamic Random Groups                1
          Fixed Groups                1
   Total Groups(Gamma)                1
       Total Untrimmed               35

4. ACTION VARIABLES
   Number of Distinct action vectors: 7
             a
    a.N      7


5. TRIMMING AND SUBSAMPLING OF THE ENDOGENOUS STATE SPACE (Theta)
                           N
    TotalReachable        35
         Terminal          0
     Approximated          0
Index of first state by t (t=0..T-1)
      0      1


6. FEASIBLE ACTION SETS

     i    [a]        A[0]     A[1]     A[2]     A[3]     A[4]     A[5]     A[6]
     ---------------------------------------------------------------------------------
     000 (0)           X        X        X        X        X        X        X
     001 (1)           X        X        X        X        X        X        -
     002 (2)           X        X        X        X        X        -        -
     003 (3)           X        X        X        X        -        -        -
     004 (4)           X        X        X        -        -        -        -
     005 (5)           X        X        -        -        -        -        -
     006 (6)           X        -        -        -        -        -        -
        #States       13        4        4        5        7        1        1
     --------------------------------------------------------------------------------
         Key: X = row vector is feasible. - = infeasible

-------------------- End of Model Summary ------------------------

     Value of States, Ergodic Distn, and Choice Probabilities
    Indx   T   A   e   A   t     r     f       EV      |  Erg.Distn  |Choice Probabilities:
      34   1   0   4   6   0     0     0       -3.277570  0.0476750 0.000000 0.000000 0.000011 0.001996 0.051572
      0.327144 0.619276
      33   1   0   3   6   0     0     0       -3.545611  0.1658326 0.000000 0.000000 0.000000 0.000019 0.008077
      0.224723 0.767181
      32   1   0   2   6   0     0     0       -3.836783  0.2781057 0.000000 0.000000 0.000000 0.000000 0.000226
      0.089352 0.910421
      31   1   0   1   6   0     0     0       -4.099064  0.2118155 0.000000 0.000000 0.000000 0.000000 0.000001
      0.019765 0.980234
      30   1   0   0   6   0     0     0       -4.302717  0.0743275 0.000000 0.000000 0.000000 0.000000 0.000000
      0.004282 0.995718
      29   1   0   4   5   0     0     0       -3.325620  0.0305517 0.000000 0.000000 0.000022 0.003769 0.085081
      0.424049 0.487078
      28   1   0   3   5   0     0     0       -3.641265  0.0718416 0.000000 0.000000 0.000000 0.000084 0.027820
      0.484615 0.487481
      27   1   0   2   5   0     0     0       -4.014579  0.0669002 0.000000 0.000000 0.000000 0.000000 0.003215
      0.578361 0.418424
      26   1   0   1   5   0     0     0       -4.394884  0.0307938 0.000000 0.000000 0.000000 0.000000 0.000141
      0.761051 0.238808
      25   1   0   0   5   0     0     0       -4.713471  0.0093859 0.000000 0.000000 0.000000 0.000000 0.000017
      0.959483 0.040500
      24   1   0   4   4   0     0     0       -3.419066  0.0053456 0.000000 0.000002 0.000102 0.014558 0.244792
      0.637935 0.102611
      23   1   0   3   4   0     0     0       -3.820541  0.0051756 0.000000 0.000000 0.000000 0.001395 0.251279
      0.747321 0.000005
      22   1   1   2   4   0     0     0       -4.351131  0.0014667 0.000000 0.000000 0.000000 0.000016 0.317606
      0.682378 0.000000
      21   1   1   1   4   0     0     0       -4.979942  0.0003355 0.000000 0.000000 0.000000 0.000000 0.851870
      0.148130 0.000000
      20   1   1   0   4   0     0     0       -5.456092  0.0001011 0.000000 0.000000 0.000000 0.000000 0.999996
      0.000004 0.000000
      19   1   0   4   3   0     0     0       -3.568606  0.0002409 0.000000 0.000025 0.001127 0.111908 0.792579
      0.094361 0.000000
      18   1   1   3   3   0     0     0       -4.107056  0.0000955 0.000000 0.000000 0.000003 0.077690 0.922307
      0.000000 0.000000
      17   1   2   2   3   0     0     0       -4.966733  0.0000060 0.000000 0.000000 0.000000 0.212123 0.787877
      0.000000 0.000000
      16   1   2   1   3   0     0     0       -5.937973  0.0000010 0.000000 0.000000 0.000000 1.000000 0.000000
      0.000000 0.000000
      15   1   3   0   3   0     0     0       -6.651025  0.0000003 0.000000 0.000000 0.000000 1.000000 0.000000
      0.000000 0.000000
      14   1   2   4   2   0     0     0       -3.790997  0.0000016 0.000016 0.000915 0.031098 0.937073 0.030897
      0.000000 0.000000
      13   1   3   3   2   0     0     0       -4.572240  0.0000005 0.000000 0.000007 0.003845 0.996148 0.000000
      0.000000 0.000000
      12   1   3   2   2   0     0     0       -6.348546  0.0000000 0.000000 0.000635 0.630626 0.368739 0.000000
      0.000000 0.000000
      11   1   4   1   2   0     0     0       -7.754343  0.0000000 0.000000 0.000001 0.999999 0.000000 0.000000
      0.000000 0.000000
      10   1   4   0   2   0     0     0       -8.902036  0.0000000 0.000000 0.000000 1.000000 0.000000 0.000000
      0.000000 0.000000
       9   1   2   4   1   0     0     0       -3.938610  0.0000000 0.000183 0.008349 0.202899 0.788569 0.000000
       0.000000 0.000000
       8   1   3   3   1   0     0     0       -4.990121  0.0000000 0.000005 0.005935 0.994059 0.000000 0.000000
       0.000000 0.000000
       7   1   4   2   1   0     0     0       -6.751651  0.0000000 0.000001 0.087198 0.912801 0.000000 0.000000
       0.000000 0.000000
       6   1   4   1   1   0     0     0       -8.719326  0.0000000 0.000000 0.995614 0.004386 0.000000 0.000000
       0.000000 0.000000
       5   1   4   0   1   0     0     0      -10.382748  0.0000000 0.000000 1.000000 0.000000 0.000000 0.000000
       0.000000 0.000000
       4   1   3   4   0   0     0     0       -4.114275  0.0000000 0.002698 0.082489 0.914449 0.000364 0.000000
       0.000000 0.000000
       3   1   4   3   0   0     0     0       -5.395447  0.0000000 0.002822 0.614107 0.383071 0.000000 0.000000
       0.000000 0.000000
       2   1   4   2   0   0     0     0       -7.438270  0.0000000 0.011488 0.988512 0.000000 0.000000 0.000000
       0.000000 0.000000
       1   1   5   1   0   0     0     0      -10.275775  0.0000000 1.000000 0.000000 0.000000 0.000000 0.000000
       0.000000 0.000000
       0   1   6   0   0   0     0     0      -12.866315  0.0000000 1.000000 0.000000 0.000000 0.000000 0.000000
       0.000000 0.000000
     ------------------------------------------------------------------------------
Checking if Pinfinity is correct. norm of delta: 5.55112e-017
Tracking all actions, endogenous state and auxiliary variables
 Predicted Moments for fixed group: 0
    t           a           e           A
    0      9.5293     -0.0000      9.5293
    1      9.5293     -0.0000      9.5293
    2      9.5293     -0.0000      9.5293

